0002 C1 01:13:02.877 00
0002 C1 01:13:02.877 00
0002 C1 01:13:02.877 09
0002 C1 01:13:02.877 98
0002 C1 01:13:02.877 00
0002 C1 01:13:02.877 00
0002 C1 01:13:02.877 00
0002 C1 01:13:02.877 00
0002 C1 01:13:02.877 00
0002 C1 01:13:02.877 00
0002 C1 01:13:02.877 00
0002 C1 01:13:02.877 00
0002 C1 01:13:02.877 00
0002 C1 01:13:02.877 00
0002 C1 01:13:02.877 00
0002 C1 01:13:02.877 00
0002 C1 01:13:02.877 00
0002 C1 01:13:02.877 00
0002 C1 01:13:02.877 00
0002 C1 01:13:02.877 99
0002 C1 01:13:02.877 00
0002 C1 01:13:02.877 00
0002 C1 01:13:02.877 00
0002 C1 01:13:02.877 00
